This is pdfTeX, Version 3.141592653-2.6-1.40.25 (TeX Live 2023/Debian) (preloaded format=pdflatex 2024.9.1)  13 NOV 2025 08:43
entering extended mode
 restricted \write18 enabled.
 %&-line parsing enabled.
**Procedural_Manual.tex
(./Procedural_Manual.tex
LaTeX2e <2023-11-01> patch level 1
L3 programming layer <2024-01-22>
(/usr/share/texlive/texmf-dist/tex/latex/base/report.cls
Document Class: report 2023/05/17 v1.4n Standard LaTeX document class
(/usr/share/texlive/texmf-dist/tex/latex/base/size10.clo
File: size10.clo 2023/05/17 v1.4n Standard LaTeX file (size option)
)
\c@part=\count187
\c@chapter=\count188
\c@section=\count189
\c@subsection=\count190
\c@subsubsection=\count191
\c@paragraph=\count192
\c@subparagraph=\count193
\c@figure=\count194
\c@table=\count195
\abovecaptionskip=\skip48
\belowcaptionskip=\skip49
\bibindent=\dimen140
)
(/usr/share/texlive/texmf-dist/tex/latex/graphics/graphicx.sty
Package: graphicx 2021/09/16 v1.2d Enhanced LaTeX Graphics (DPC,SPQR)

(/usr/share/texlive/texmf-dist/tex/latex/graphics/keyval.sty
Package: keyval 2022/05/29 v1.15 key=value parser (DPC)
\KV@toks@=\toks17
)
(/usr/share/texlive/texmf-dist/tex/latex/graphics/graphics.sty
Package: graphics 2022/03/10 v1.4e Standard LaTeX Graphics (DPC,SPQR)

(/usr/share/texlive/texmf-dist/tex/latex/graphics/trig.sty
Package: trig 2021/08/11 v1.11 sin cos tan (DPC)
)
(/usr/share/texlive/texmf-dist/tex/latex/graphics-cfg/graphics.cfg
File: graphics.cfg 2016/06/04 v1.11 sample graphics configuration
)
Package graphics Info: Driver file: pdftex.def on input line 107.

(/usr/share/texlive/texmf-dist/tex/latex/graphics-def/pdftex.def
File: pdftex.def 2022/09/22 v1.2b Graphics/color driver for pdftex
))
\Gin@req@height=\dimen141
\Gin@req@width=\dimen142
)
(/usr/share/texlive/texmf-dist/tex/latex/float/float.sty
Package: float 2001/11/08 v1.3d Float enhancements (AL)
\c@float@type=\count196
\float@exts=\toks18
\float@box=\box51
\@float@everytoks=\toks19
\@floatcapt=\box52
)
(/usr/share/texlive/texmf-dist/tex/latex/pgf/frontendlayer/tikz.sty
(/usr/share/texlive/texmf-dist/tex/latex/pgf/basiclayer/pgf.sty
(/usr/share/texlive/texmf-dist/tex/latex/pgf/utilities/pgfrcs.sty
(/usr/share/texlive/texmf-dist/tex/generic/pgf/utilities/pgfutil-common.tex
\pgfutil@everybye=\toks20
\pgfutil@tempdima=\dimen143
\pgfutil@tempdimb=\dimen144
)
(/usr/share/texlive/texmf-dist/tex/generic/pgf/utilities/pgfutil-latex.def
\pgfutil@abb=\box53
)
(/usr/share/texlive/texmf-dist/tex/generic/pgf/utilities/pgfrcs.code.tex
(/usr/share/texlive/texmf-dist/tex/generic/pgf/pgf.revision.tex)
Package: pgfrcs 2023-01-15 v3.1.10 (3.1.10)
))
Package: pgf 2023-01-15 v3.1.10 (3.1.10)

(/usr/share/texlive/texmf-dist/tex/latex/pgf/basiclayer/pgfcore.sty
(/usr/share/texlive/texmf-dist/tex/latex/pgf/systemlayer/pgfsys.sty
(/usr/share/texlive/texmf-dist/tex/generic/pgf/systemlayer/pgfsys.code.tex
Package: pgfsys 2023-01-15 v3.1.10 (3.1.10)

(/usr/share/texlive/texmf-dist/tex/generic/pgf/utilities/pgfkeys.code.tex
\pgfkeys@pathtoks=\toks21
\pgfkeys@temptoks=\toks22

(/usr/share/texlive/texmf-dist/tex/generic/pgf/utilities/pgfkeyslibraryfiltered
.code.tex
\pgfkeys@tmptoks=\toks23
))
\pgf@x=\dimen145
\pgf@y=\dimen146
\pgf@xa=\dimen147
\pgf@ya=\dimen148
\pgf@xb=\dimen149
\pgf@yb=\dimen150
\pgf@xc=\dimen151
\pgf@yc=\dimen152
\pgf@xd=\dimen153
\pgf@yd=\dimen154
\w@pgf@writea=\write3
\r@pgf@reada=\read2
\c@pgf@counta=\count197
\c@pgf@countb=\count198
\c@pgf@countc=\count199
\c@pgf@countd=\count266
\t@pgf@toka=\toks24
\t@pgf@tokb=\toks25
\t@pgf@tokc=\toks26
\pgf@sys@id@count=\count267
 (/usr/share/texlive/texmf-dist/tex/generic/pgf/systemlayer/pgf.cfg
File: pgf.cfg 2023-01-15 v3.1.10 (3.1.10)
)
Driver file for pgf: pgfsys-pdftex.def
(/usr/share/texlive/texmf-dist/tex/generic/pgf/systemlayer/pgfsys-pdftex.def
File: pgfsys-pdftex.def 2023-01-15 v3.1.10 (3.1.10)

(/usr/share/texlive/texmf-dist/tex/generic/pgf/systemlayer/pgfsys-common-pdf.de
f
File: pgfsys-common-pdf.def 2023-01-15 v3.1.10 (3.1.10)
)))
(/usr/share/texlive/texmf-dist/tex/generic/pgf/systemlayer/pgfsyssoftpath.code.
tex
File: pgfsyssoftpath.code.tex 2023-01-15 v3.1.10 (3.1.10)
\pgfsyssoftpath@smallbuffer@items=\count268
\pgfsyssoftpath@bigbuffer@items=\count269
)
(/usr/share/texlive/texmf-dist/tex/generic/pgf/systemlayer/pgfsysprotocol.code.
tex
File: pgfsysprotocol.code.tex 2023-01-15 v3.1.10 (3.1.10)
)) (/usr/share/texlive/texmf-dist/tex/latex/xcolor/xcolor.sty
Package: xcolor 2023/11/15 v3.01 LaTeX color extensions (UK)

(/usr/share/texlive/texmf-dist/tex/latex/graphics-cfg/color.cfg
File: color.cfg 2016/01/02 v1.6 sample color configuration
)
Package xcolor Info: Driver file: pdftex.def on input line 274.

(/usr/share/texlive/texmf-dist/tex/latex/graphics/mathcolor.ltx)
Package xcolor Info: Model `cmy' substituted by `cmy0' on input line 1350.
Package xcolor Info: Model `hsb' substituted by `rgb' on input line 1354.
Package xcolor Info: Model `RGB' extended on input line 1366.
Package xcolor Info: Model `HTML' substituted by `rgb' on input line 1368.
Package xcolor Info: Model `Hsb' substituted by `hsb' on input line 1369.
Package xcolor Info: Model `tHsb' substituted by `hsb' on input line 1370.
Package xcolor Info: Model `HSB' substituted by `hsb' on input line 1371.
Package xcolor Info: Model `Gray' substituted by `gray' on input line 1372.
Package xcolor Info: Model `wave' substituted by `hsb' on input line 1373.
)
(/usr/share/texlive/texmf-dist/tex/generic/pgf/basiclayer/pgfcore.code.tex
Package: pgfcore 2023-01-15 v3.1.10 (3.1.10)

(/usr/share/texlive/texmf-dist/tex/generic/pgf/math/pgfmath.code.tex
(/usr/share/texlive/texmf-dist/tex/generic/pgf/math/pgfmathutil.code.tex)
(/usr/share/texlive/texmf-dist/tex/generic/pgf/math/pgfmathparser.code.tex
\pgfmath@dimen=\dimen155
\pgfmath@count=\count270
\pgfmath@box=\box54
\pgfmath@toks=\toks27
\pgfmath@stack@operand=\toks28
\pgfmath@stack@operation=\toks29
)
(/usr/share/texlive/texmf-dist/tex/generic/pgf/math/pgfmathfunctions.code.tex)
(/usr/share/texlive/texmf-dist/tex/generic/pgf/math/pgfmathfunctions.basic.code
.tex)
(/usr/share/texlive/texmf-dist/tex/generic/pgf/math/pgfmathfunctions.trigonomet
ric.code.tex)
(/usr/share/texlive/texmf-dist/tex/generic/pgf/math/pgfmathfunctions.random.cod
e.tex)
(/usr/share/texlive/texmf-dist/tex/generic/pgf/math/pgfmathfunctions.comparison
.code.tex)
(/usr/share/texlive/texmf-dist/tex/generic/pgf/math/pgfmathfunctions.base.code.
tex)
(/usr/share/texlive/texmf-dist/tex/generic/pgf/math/pgfmathfunctions.round.code
.tex)
(/usr/share/texlive/texmf-dist/tex/generic/pgf/math/pgfmathfunctions.misc.code.
tex)
(/usr/share/texlive/texmf-dist/tex/generic/pgf/math/pgfmathfunctions.integerari
thmetics.code.tex)
(/usr/share/texlive/texmf-dist/tex/generic/pgf/math/pgfmathcalc.code.tex)
(/usr/share/texlive/texmf-dist/tex/generic/pgf/math/pgfmathfloat.code.tex
\c@pgfmathroundto@lastzeros=\count271
))
(/usr/share/texlive/texmf-dist/tex/generic/pgf/math/pgfint.code.tex)
(/usr/share/texlive/texmf-dist/tex/generic/pgf/basiclayer/pgfcorepoints.code.te
x
File: pgfcorepoints.code.tex 2023-01-15 v3.1.10 (3.1.10)
\pgf@picminx=\dimen156
\pgf@picmaxx=\dimen157
\pgf@picminy=\dimen158
\pgf@picmaxy=\dimen159
\pgf@pathminx=\dimen160
\pgf@pathmaxx=\dimen161
\pgf@pathminy=\dimen162
\pgf@pathmaxy=\dimen163
\pgf@xx=\dimen164
\pgf@xy=\dimen165
\pgf@yx=\dimen166
\pgf@yy=\dimen167
\pgf@zx=\dimen168
\pgf@zy=\dimen169
)
(/usr/share/texlive/texmf-dist/tex/generic/pgf/basiclayer/pgfcorepathconstruct.
code.tex
File: pgfcorepathconstruct.code.tex 2023-01-15 v3.1.10 (3.1.10)
\pgf@path@lastx=\dimen170
\pgf@path@lasty=\dimen171
)
(/usr/share/texlive/texmf-dist/tex/generic/pgf/basiclayer/pgfcorepathusage.code
.tex
File: pgfcorepathusage.code.tex 2023-01-15 v3.1.10 (3.1.10)
\pgf@shorten@end@additional=\dimen172
\pgf@shorten@start@additional=\dimen173
)
(/usr/share/texlive/texmf-dist/tex/generic/pgf/basiclayer/pgfcorescopes.code.te
x
File: pgfcorescopes.code.tex 2023-01-15 v3.1.10 (3.1.10)
\pgfpic=\box55
\pgf@hbox=\box56
\pgf@layerbox@main=\box57
\pgf@picture@serial@count=\count272
)
(/usr/share/texlive/texmf-dist/tex/generic/pgf/basiclayer/pgfcoregraphicstate.c
ode.tex
File: pgfcoregraphicstate.code.tex 2023-01-15 v3.1.10 (3.1.10)
\pgflinewidth=\dimen174
)
(/usr/share/texlive/texmf-dist/tex/generic/pgf/basiclayer/pgfcoretransformation
s.code.tex
File: pgfcoretransformations.code.tex 2023-01-15 v3.1.10 (3.1.10)
\pgf@pt@x=\dimen175
\pgf@pt@y=\dimen176
\pgf@pt@temp=\dimen177
)
(/usr/share/texlive/texmf-dist/tex/generic/pgf/basiclayer/pgfcorequick.code.tex
File: pgfcorequick.code.tex 2023-01-15 v3.1.10 (3.1.10)
)
(/usr/share/texlive/texmf-dist/tex/generic/pgf/basiclayer/pgfcoreobjects.code.t
ex
File: pgfcoreobjects.code.tex 2023-01-15 v3.1.10 (3.1.10)
)
(/usr/share/texlive/texmf-dist/tex/generic/pgf/basiclayer/pgfcorepathprocessing
.code.tex
File: pgfcorepathprocessing.code.tex 2023-01-15 v3.1.10 (3.1.10)
)
(/usr/share/texlive/texmf-dist/tex/generic/pgf/basiclayer/pgfcorearrows.code.te
x
File: pgfcorearrows.code.tex 2023-01-15 v3.1.10 (3.1.10)
\pgfarrowsep=\dimen178
)
(/usr/share/texlive/texmf-dist/tex/generic/pgf/basiclayer/pgfcoreshade.code.tex
File: pgfcoreshade.code.tex 2023-01-15 v3.1.10 (3.1.10)
\pgf@max=\dimen179
\pgf@sys@shading@range@num=\count273
\pgf@shadingcount=\count274
)
(/usr/share/texlive/texmf-dist/tex/generic/pgf/basiclayer/pgfcoreimage.code.tex
File: pgfcoreimage.code.tex 2023-01-15 v3.1.10 (3.1.10)
)
(/usr/share/texlive/texmf-dist/tex/generic/pgf/basiclayer/pgfcoreexternal.code.
tex
File: pgfcoreexternal.code.tex 2023-01-15 v3.1.10 (3.1.10)
\pgfexternal@startupbox=\box58
)
(/usr/share/texlive/texmf-dist/tex/generic/pgf/basiclayer/pgfcorelayers.code.te
x
File: pgfcorelayers.code.tex 2023-01-15 v3.1.10 (3.1.10)
)
(/usr/share/texlive/texmf-dist/tex/generic/pgf/basiclayer/pgfcoretransparency.c
ode.tex
File: pgfcoretransparency.code.tex 2023-01-15 v3.1.10 (3.1.10)
)
(/usr/share/texlive/texmf-dist/tex/generic/pgf/basiclayer/pgfcorepatterns.code.
tex
File: pgfcorepatterns.code.tex 2023-01-15 v3.1.10 (3.1.10)
)
(/usr/share/texlive/texmf-dist/tex/generic/pgf/basiclayer/pgfcorerdf.code.tex
File: pgfcorerdf.code.tex 2023-01-15 v3.1.10 (3.1.10)
)))
(/usr/share/texlive/texmf-dist/tex/generic/pgf/modules/pgfmoduleshapes.code.tex
File: pgfmoduleshapes.code.tex 2023-01-15 v3.1.10 (3.1.10)
\pgfnodeparttextbox=\box59
) (/usr/share/texlive/texmf-dist/tex/generic/pgf/modules/pgfmoduleplot.code.tex
File: pgfmoduleplot.code.tex 2023-01-15 v3.1.10 (3.1.10)
)
(/usr/share/texlive/texmf-dist/tex/latex/pgf/compatibility/pgfcomp-version-0-65
.sty
Package: pgfcomp-version-0-65 2023-01-15 v3.1.10 (3.1.10)
\pgf@nodesepstart=\dimen180
\pgf@nodesepend=\dimen181
)
(/usr/share/texlive/texmf-dist/tex/latex/pgf/compatibility/pgfcomp-version-1-18
.sty
Package: pgfcomp-version-1-18 2023-01-15 v3.1.10 (3.1.10)
)) (/usr/share/texlive/texmf-dist/tex/latex/pgf/utilities/pgffor.sty
(/usr/share/texlive/texmf-dist/tex/latex/pgf/utilities/pgfkeys.sty
(/usr/share/texlive/texmf-dist/tex/generic/pgf/utilities/pgfkeys.code.tex))
(/usr/share/texlive/texmf-dist/tex/latex/pgf/math/pgfmath.sty
(/usr/share/texlive/texmf-dist/tex/generic/pgf/math/pgfmath.code.tex))
(/usr/share/texlive/texmf-dist/tex/generic/pgf/utilities/pgffor.code.tex
Package: pgffor 2023-01-15 v3.1.10 (3.1.10)
\pgffor@iter=\dimen182
\pgffor@skip=\dimen183
\pgffor@stack=\toks30
\pgffor@toks=\toks31
))
(/usr/share/texlive/texmf-dist/tex/generic/pgf/frontendlayer/tikz/tikz.code.tex
Package: tikz 2023-01-15 v3.1.10 (3.1.10)

(/usr/share/texlive/texmf-dist/tex/generic/pgf/libraries/pgflibraryplothandlers
.code.tex
File: pgflibraryplothandlers.code.tex 2023-01-15 v3.1.10 (3.1.10)
\pgf@plot@mark@count=\count275
\pgfplotmarksize=\dimen184
)
\tikz@lastx=\dimen185
\tikz@lasty=\dimen186
\tikz@lastxsaved=\dimen187
\tikz@lastysaved=\dimen188
\tikz@lastmovetox=\dimen189
\tikz@lastmovetoy=\dimen190
\tikzleveldistance=\dimen191
\tikzsiblingdistance=\dimen192
\tikz@figbox=\box60
\tikz@figbox@bg=\box61
\tikz@tempbox=\box62
\tikz@tempbox@bg=\box63
\tikztreelevel=\count276
\tikznumberofchildren=\count277
\tikznumberofcurrentchild=\count278
\tikz@fig@count=\count279

(/usr/share/texlive/texmf-dist/tex/generic/pgf/modules/pgfmodulematrix.code.tex
File: pgfmodulematrix.code.tex 2023-01-15 v3.1.10 (3.1.10)
\pgfmatrixcurrentrow=\count280
\pgfmatrixcurrentcolumn=\count281
\pgf@matrix@numberofcolumns=\count282
)
\tikz@expandcount=\count283

(/usr/share/texlive/texmf-dist/tex/generic/pgf/frontendlayer/tikz/libraries/tik
zlibrarytopaths.code.tex
File: tikzlibrarytopaths.code.tex 2023-01-15 v3.1.10 (3.1.10)
)))
(/usr/share/texlive/texmf-dist/tex/generic/pgf/frontendlayer/tikz/libraries/tik
zlibrarycalc.code.tex
File: tikzlibrarycalc.code.tex 2023-01-15 v3.1.10 (3.1.10)
)
(/usr/share/texlive/texmf-dist/tex/latex/hyperref/hyperref.sty
Package: hyperref 2024-01-20 v7.01h Hypertext links for LaTeX

(/usr/share/texlive/texmf-dist/tex/generic/iftex/iftex.sty
Package: iftex 2022/02/03 v1.0f TeX engine tests
)
(/usr/share/texlive/texmf-dist/tex/latex/kvsetkeys/kvsetkeys.sty
Package: kvsetkeys 2022-10-05 v1.19 Key value parser (HO)
)
(/usr/share/texlive/texmf-dist/tex/generic/kvdefinekeys/kvdefinekeys.sty
Package: kvdefinekeys 2019-12-19 v1.6 Define keys (HO)
)
(/usr/share/texlive/texmf-dist/tex/generic/pdfescape/pdfescape.sty
Package: pdfescape 2019/12/09 v1.15 Implements pdfTeX's escape features (HO)

(/usr/share/texlive/texmf-dist/tex/generic/ltxcmds/ltxcmds.sty
Package: ltxcmds 2023-12-04 v1.26 LaTeX kernel commands for general use (HO)
)
(/usr/share/texlive/texmf-dist/tex/generic/pdftexcmds/pdftexcmds.sty
Package: pdftexcmds 2020-06-27 v0.33 Utility functions of pdfTeX for LuaTeX (HO
)

(/usr/share/texlive/texmf-dist/tex/generic/infwarerr/infwarerr.sty
Package: infwarerr 2019/12/03 v1.5 Providing info/warning/error messages (HO)
)
Package pdftexcmds Info: \pdf@primitive is available.
Package pdftexcmds Info: \pdf@ifprimitive is available.
Package pdftexcmds Info: \pdfdraftmode found.
))
(/usr/share/texlive/texmf-dist/tex/latex/hycolor/hycolor.sty
Package: hycolor 2020-01-27 v1.10 Color options for hyperref/bookmark (HO)
)
(/usr/share/texlive/texmf-dist/tex/latex/auxhook/auxhook.sty
Package: auxhook 2019-12-17 v1.6 Hooks for auxiliary files (HO)
)
(/usr/share/texlive/texmf-dist/tex/latex/hyperref/nameref.sty
Package: nameref 2023-11-26 v2.56 Cross-referencing by name of section

(/usr/share/texlive/texmf-dist/tex/latex/refcount/refcount.sty
Package: refcount 2019/12/15 v3.6 Data extraction from label references (HO)
)
(/usr/share/texlive/texmf-dist/tex/generic/gettitlestring/gettitlestring.sty
Package: gettitlestring 2019/12/15 v1.6 Cleanup title references (HO)

(/usr/share/texlive/texmf-dist/tex/latex/kvoptions/kvoptions.sty
Package: kvoptions 2022-06-15 v3.15 Key value format for package options (HO)
))
\c@section@level=\count284
)
(/usr/share/texlive/texmf-dist/tex/latex/etoolbox/etoolbox.sty
Package: etoolbox 2020/10/05 v2.5k e-TeX tools for LaTeX (JAW)
\etb@tempcnta=\count285
)
\@linkdim=\dimen193
\Hy@linkcounter=\count286
\Hy@pagecounter=\count287

(/usr/share/texlive/texmf-dist/tex/latex/hyperref/pd1enc.def
File: pd1enc.def 2024-01-20 v7.01h Hyperref: PDFDocEncoding definition (HO)
Now handling font encoding PD1 ...
... no UTF-8 mapping file for font encoding PD1
)
(/usr/share/texlive/texmf-dist/tex/generic/intcalc/intcalc.sty
Package: intcalc 2019/12/15 v1.3 Expandable calculations with integers (HO)
)
\Hy@SavedSpaceFactor=\count288

(/usr/share/texlive/texmf-dist/tex/latex/hyperref/puenc.def
File: puenc.def 2024-01-20 v7.01h Hyperref: PDF Unicode definition (HO)
Now handling font encoding PU ...
... no UTF-8 mapping file for font encoding PU
)
Package hyperref Info: Hyper figures OFF on input line 4179.
Package hyperref Info: Link nesting OFF on input line 4184.
Package hyperref Info: Hyper index ON on input line 4187.
Package hyperref Info: Plain pages OFF on input line 4194.
Package hyperref Info: Backreferencing OFF on input line 4199.
Package hyperref Info: Implicit mode ON; LaTeX internals redefined.
Package hyperref Info: Bookmarks ON on input line 4446.
\c@Hy@tempcnt=\count289

(/usr/share/texlive/texmf-dist/tex/latex/url/url.sty
\Urlmuskip=\muskip16
Package: url 2013/09/16  ver 3.4  Verb mode for urls, etc.
)
LaTeX Info: Redefining \url on input line 4784.
\XeTeXLinkMargin=\dimen194

(/usr/share/texlive/texmf-dist/tex/generic/bitset/bitset.sty
Package: bitset 2019/12/09 v1.3 Handle bit-vector datatype (HO)

(/usr/share/texlive/texmf-dist/tex/generic/bigintcalc/bigintcalc.sty
Package: bigintcalc 2019/12/15 v1.5 Expandable calculations on big integers (HO
)
))
\Fld@menulength=\count290
\Field@Width=\dimen195
\Fld@charsize=\dimen196
Package hyperref Info: Hyper figures OFF on input line 6063.
Package hyperref Info: Link nesting OFF on input line 6068.
Package hyperref Info: Hyper index ON on input line 6071.
Package hyperref Info: backreferencing OFF on input line 6078.
Package hyperref Info: Link coloring OFF on input line 6083.
Package hyperref Info: Link coloring with OCG OFF on input line 6088.
Package hyperref Info: PDF/A mode OFF on input line 6093.

(/usr/share/texlive/texmf-dist/tex/latex/base/atbegshi-ltx.sty
Package: atbegshi-ltx 2021/01/10 v1.0c Emulation of the original atbegshi
package with kernel methods
)
\Hy@abspage=\count291
\c@Item=\count292
\c@Hfootnote=\count293
)
Package hyperref Info: Driver (autodetected): hpdftex.

(/usr/share/texlive/texmf-dist/tex/latex/hyperref/hpdftex.def
File: hpdftex.def 2024-01-20 v7.01h Hyperref driver for pdfTeX

(/usr/share/texlive/texmf-dist/tex/latex/base/atveryend-ltx.sty
Package: atveryend-ltx 2020/08/19 v1.0a Emulation of the original atveryend pac
kage
with kernel methods
)
\Fld@listcount=\count294
\c@bookmark@seq@number=\count295

(/usr/share/texlive/texmf-dist/tex/latex/rerunfilecheck/rerunfilecheck.sty
Package: rerunfilecheck 2022-07-10 v1.10 Rerun checks for auxiliary files (HO)

(/usr/share/texlive/texmf-dist/tex/generic/uniquecounter/uniquecounter.sty
Package: uniquecounter 2019/12/15 v1.4 Provide unlimited unique counter (HO)
)
Package uniquecounter Info: New unique counter `rerunfilecheck' on input line 2
85.
)
\Hy@SectionHShift=\skip50
)
(/usr/share/texlive/texmf-dist/tex/latex/l3backend/l3backend-pdftex.def
File: l3backend-pdftex.def 2024-01-04 L3 backend support: PDF output (pdfTeX)
\l__color_backend_stack_int=\count296
\l__pdf_internal_box=\box64
)
(./Procedural_Manual.aux)
\openout1 = `Procedural_Manual.aux'.

LaTeX Font Info:    Checking defaults for OML/cmm/m/it on input line 11.
LaTeX Font Info:    ... okay on input line 11.
LaTeX Font Info:    Checking defaults for OMS/cmsy/m/n on input line 11.
LaTeX Font Info:    ... okay on input line 11.
LaTeX Font Info:    Checking defaults for OT1/cmr/m/n on input line 11.
LaTeX Font Info:    ... okay on input line 11.
LaTeX Font Info:    Checking defaults for T1/cmr/m/n on input line 11.
LaTeX Font Info:    ... okay on input line 11.
LaTeX Font Info:    Checking defaults for TS1/cmr/m/n on input line 11.
LaTeX Font Info:    ... okay on input line 11.
LaTeX Font Info:    Checking defaults for OMX/cmex/m/n on input line 11.
LaTeX Font Info:    ... okay on input line 11.
LaTeX Font Info:    Checking defaults for U/cmr/m/n on input line 11.
LaTeX Font Info:    ... okay on input line 11.
LaTeX Font Info:    Checking defaults for PD1/pdf/m/n on input line 11.
LaTeX Font Info:    ... okay on input line 11.
LaTeX Font Info:    Checking defaults for PU/pdf/m/n on input line 11.
LaTeX Font Info:    ... okay on input line 11.

(/usr/share/texlive/texmf-dist/tex/context/base/mkii/supp-pdf.mkii
[Loading MPS to PDF converter (version 2006.09.02).]
\scratchcounter=\count297
\scratchdimen=\dimen197
\scratchbox=\box65
\nofMPsegments=\count298
\nofMParguments=\count299
\everyMPshowfont=\toks32
\MPscratchCnt=\count300
\MPscratchDim=\dimen198
\MPnumerator=\count301
\makeMPintoPDFobject=\count302
\everyMPtoPDFconversion=\toks33
) (/usr/share/texlive/texmf-dist/tex/latex/epstopdf-pkg/epstopdf-base.sty
Package: epstopdf-base 2020-01-24 v2.11 Base part for package epstopdf
Package epstopdf-base Info: Redefining graphics rule for `.eps' on input line 4
85.

(/usr/share/texlive/texmf-dist/tex/latex/latexconfig/epstopdf-sys.cfg
File: epstopdf-sys.cfg 2010/07/13 v1.3 Configuration of (r)epstopdf for TeX Liv
e
))
Package hyperref Info: Link coloring OFF on input line 11.

(./Procedural_Manual.out) (./Procedural_Manual.out)
\@outlinefile=\write4
\openout4 = `Procedural_Manual.out'.

<./images/PIC.png, id=87, 556.0775pt x 461.725pt>
File: ./images/PIC.png Graphic file (type png)
<use ./images/PIC.png>
Package pdftex.def Info: ./images/PIC.png  used on input line 38.
(pdftex.def)             Requested size: 278.03807pt x 230.86194pt.
 [1


{/var/lib/texmf/fonts/map/pdftex/updmap/pdftex.map} <./images/PIC.png>] (./Proc
edural_Manual.toc
LaTeX Font Info:    External font `cmex10' loaded for size
(Font)              <7> on input line 2.
LaTeX Font Info:    External font `cmex10' loaded for size
(Font)              <5> on input line 2.
)
\tf@toc=\write5
\openout5 = `Procedural_Manual.toc'.


[1

]
Chapter 1.
[1

{/usr/share/texmf/fonts/enc/dvips/cm-super/cm-super-ts1.enc}] [2]
Chapter 2.
<./images/Pickit3_app1.jpeg, id=149, 502.87875pt x 410.53375pt>
File: ./images/Pickit3_app1.jpeg Graphic file (type jpg)
<use ./images/Pickit3_app1.jpeg>
Package pdftex.def Info: ./images/Pickit3_app1.jpeg  used on input line 122.
(pdftex.def)             Requested size: 226.29333pt x 184.73848pt.
[3

]
<./images/Pickit3_app2.jpeg, id=157, 498.86375pt x 408.52625pt>
File: ./images/Pickit3_app2.jpeg Graphic file (type jpg)
<use ./images/Pickit3_app2.jpeg>
Package pdftex.def Info: ./images/Pickit3_app2.jpeg  used on input line 131.
(pdftex.def)             Requested size: 224.4866pt x 183.83511pt.
<./images/Pickit3_app3.jpeg, id=159, 498.86375pt x 408.52625pt>
File: ./images/Pickit3_app3.jpeg Graphic file (type jpg)
<use ./images/Pickit3_app3.jpeg>
Package pdftex.def Info: ./images/Pickit3_app3.jpeg  used on input line 141.
(pdftex.def)             Requested size: 224.4866pt x 183.83511pt.
 [4 <./images/Pickit3_app1.jpeg> <./images/Pickit3_app2.jpeg>]
<./images/Pickit3_app4.jpeg, id=167, 119.7273pt x 98.5281pt>
File: ./images/Pickit3_app4.jpeg Graphic file (type jpg)
<use ./images/Pickit3_app4.jpeg>
Package pdftex.def Info: ./images/Pickit3_app4.jpeg  used on input line 150.
(pdftex.def)             Requested size: 215.50894pt x 177.35042pt.
<./images/Pickit3_app5.jpeg, id=169, 119.9682pt x 98.2872pt>
File: ./images/Pickit3_app5.jpeg Graphic file (type jpg)
<use ./images/Pickit3_app5.jpeg>
Package pdftex.def Info: ./images/Pickit3_app5.jpeg  used on input line 159.
(pdftex.def)             Requested size: 215.94257pt x 176.9168pt.
 [5 <./images/Pickit3_app3.jpeg> <./images/Pickit3_app4.jpeg>] [6 <./images/Pic
kit3_app5.jpeg>]
<./images/Pickit3_app6.jpeg, id=188, 129.8451pt x 158.994pt>
File: ./images/Pickit3_app6.jpeg Graphic file (type jpg)
<use ./images/Pickit3_app6.jpeg>
Package pdftex.def Info: ./images/Pickit3_app6.jpeg  used on input line 188.
(pdftex.def)             Requested size: 233.72095pt x 286.18896pt.
<./images/Pickit3_app7.jpeg, id=190, 130.086pt x 158.994pt>
File: ./images/Pickit3_app7.jpeg Graphic file (type jpg)
<use ./images/Pickit3_app7.jpeg>
Package pdftex.def Info: ./images/Pickit3_app7.jpeg  used on input line 197.
(pdftex.def)             Requested size: 234.15459pt x 286.18896pt.
 [7 <./images/Pickit3_app6.jpeg>]
<./images/Pickit3_app8.jpeg, id=204, 130.086pt x 159.7167pt>
File: ./images/Pickit3_app8.jpeg Graphic file (type jpg)
<use ./images/Pickit3_app8.jpeg>
Package pdftex.def Info: ./images/Pickit3_app8.jpeg  used on input line 208.
(pdftex.def)             Requested size: 234.15459pt x 287.48984pt.
 [8 <./images/Pickit3_app7.jpeg>]
<./images/Pickit3_app9.jpeg, id=212, 160.6803pt x 113.9457pt>
File: ./images/Pickit3_app9.jpeg Graphic file (type jpg)
<use ./images/Pickit3_app9.jpeg>
Package pdftex.def Info: ./images/Pickit3_app9.jpeg  used on input line 219.
(pdftex.def)             Requested size: 289.2243pt x 205.10207pt.
 [9 <./images/Pickit3_app8.jpeg>]
<./images/Pickit3_app11.jpeg, id=222, 129.8451pt x 159.7167pt>
File: ./images/Pickit3_app11.jpeg Graphic file (type jpg)
<use ./images/Pickit3_app11.jpeg>
Package pdftex.def Info: ./images/Pickit3_app11.jpeg  used on input line 228.
(pdftex.def)             Requested size: 233.72095pt x 287.48984pt.
 [10 <./images/Pickit3_app9.jpeg> <./images/Pickit3_app11.jpeg>]
<./images/Pickit3_app12.jpeg, id=230, 130.086pt x 159.2349pt>
File: ./images/Pickit3_app12.jpeg Graphic file (type jpg)
<use ./images/Pickit3_app12.jpeg>
Package pdftex.def Info: ./images/Pickit3_app12.jpeg  used on input line 238.
(pdftex.def)             Requested size: 234.15459pt x 286.62257pt.
 [11 <./images/Pickit3_app12.jpeg>]
Chapter 3.
<./images/MCHPFSUSB1.jpeg, id=240, 154.6578pt x 99.7326pt>
File: ./images/MCHPFSUSB1.jpeg Graphic file (type jpg)
<use ./images/MCHPFSUSB1.jpeg>
Package pdftex.def Info: ./images/MCHPFSUSB1.jpeg  used on input line 264.
(pdftex.def)             Requested size: 231.98611pt x 149.59851pt.
<./images/MCHPFSUSB2.jpeg, id=242, 125.9907pt x 125.5089pt>
File: ./images/MCHPFSUSB2.jpeg Graphic file (type jpg)
<use ./images/MCHPFSUSB2.jpeg>
Package pdftex.def Info: ./images/MCHPFSUSB2.jpeg  used on input line 273.
(pdftex.def)             Requested size: 188.98558pt x 188.26286pt.
[12

 <./images/MCHPFSUSB1.jpeg>]
Overfull \hbox (10.74715pt too wide) in paragraph at lines 278--279
[]\OT1/cmtt/m/n/10 [Note]: There are two different license agreement and simmil
ar
 []


Overfull \hbox (5.4972pt too wide) in paragraph at lines 278--279
\OT1/cmtt/m/n/10 window appears for tow times and every time you have to Accept

 []

<./images/MCHPFSUSB3.jpeg, id=252, 115.1502pt x 86.2422pt>
File: ./images/MCHPFSUSB3.jpeg Graphic file (type jpg)
<use ./images/MCHPFSUSB3.jpeg>
Package pdftex.def Info: ./images/MCHPFSUSB3.jpeg  used on input line 284.
(pdftex.def)             Requested size: 172.72487pt x 129.36296pt.
<./images/MCHPFSUSB4.jpeg, id=254, 115.3911pt x 86.2422pt>
File: ./images/MCHPFSUSB4.jpeg Graphic file (type jpg)
<use ./images/MCHPFSUSB4.jpeg>
Package pdftex.def Info: ./images/MCHPFSUSB4.jpeg  used on input line 293.
(pdftex.def)             Requested size: 173.08621pt x 129.36296pt.
[13 <./images/MCHPFSUSB2.jpeg> <./images/MCHPFSUSB3.jpeg>]
<./images/MCHPFSUSB5.jpeg, id=264, 115.1502pt x 86.4831pt>
File: ./images/MCHPFSUSB5.jpeg Graphic file (type jpg)
<use ./images/MCHPFSUSB5.jpeg>
Package pdftex.def Info: ./images/MCHPFSUSB5.jpeg  used on input line 302.
(pdftex.def)             Requested size: 172.72487pt x 129.72429pt.
<./images/MCHPFSUSB6.jpeg, id=266, 115.1502pt x 86.2422pt>
File: ./images/MCHPFSUSB6.jpeg Graphic file (type jpg)
<use ./images/MCHPFSUSB6.jpeg>
Package pdftex.def Info: ./images/MCHPFSUSB6.jpeg  used on input line 311.
(pdftex.def)             Requested size: 172.72487pt x 129.36296pt.
 [14 <./images/MCHPFSUSB4.jpeg> <./images/MCHPFSUSB5.jpeg>]
<./images/MCHPFSUSB7.jpeg, id=276, 115.8729pt x 86.2422pt>
File: ./images/MCHPFSUSB7.jpeg Graphic file (type jpg)
<use ./images/MCHPFSUSB7.jpeg>
Package pdftex.def Info: ./images/MCHPFSUSB7.jpeg  used on input line 320.
(pdftex.def)             Requested size: 173.8089pt x 129.36296pt.
<./images/MCHPFSUSB8.jpeg, id=278, 114.9093pt x 86.2422pt>
File: ./images/MCHPFSUSB8.jpeg Graphic file (type jpg)
<use ./images/MCHPFSUSB8.jpeg>
Package pdftex.def Info: ./images/MCHPFSUSB8.jpeg  used on input line 329.
(pdftex.def)             Requested size: 160.8719pt x 120.73824pt.
 [15 <./images/MCHPFSUSB6.jpeg> <./images/MCHPFSUSB7.jpeg> <./images/MCHPFSUSB8
.jpeg>]
Chapter 4.
<./images/Device_Driver1.jpeg, id=290, 187.902pt x 137.5539pt>
File: ./images/Device_Driver1.jpeg Graphic file (type jpg)
<use ./images/Device_Driver1.jpeg>
Package pdftex.def Info: ./images/Device_Driver1.jpeg  used on input line 361.
(pdftex.def)             Requested size: 300.6436pt x 220.0865pt.
[16

]
<./images/Device_Driver2.jpeg, id=300, 188.3838pt x 137.313pt>
File: ./images/Device_Driver2.jpeg Graphic file (type jpg)
<use ./images/Device_Driver2.jpeg>
Package pdftex.def Info: ./images/Device_Driver2.jpeg  used on input line 370.
(pdftex.def)             Requested size: 301.41447pt x 219.70108pt.
<./images/Device_Driver3.jpeg, id=302, 187.4202pt x 137.313pt>
File: ./images/Device_Driver3.jpeg Graphic file (type jpg)
<use ./images/Device_Driver3.jpeg>
Package pdftex.def Info: ./images/Device_Driver3.jpeg  used on input line 379.
(pdftex.def)             Requested size: 299.87271pt x 219.70108pt.
 [17 <./images/Device_Driver1.jpeg> <./images/Device_Driver2.jpeg>]
<./images/Device_Driver4.jpeg, id=313, 187.4202pt x 137.313pt>
File: ./images/Device_Driver4.jpeg Graphic file (type jpg)
<use ./images/Device_Driver4.jpeg>
Package pdftex.def Info: ./images/Device_Driver4.jpeg  used on input line 388.
(pdftex.def)             Requested size: 299.87271pt x 219.70108pt.
<./images/Device_Driver5.jpeg, id=315, 187.4202pt x 136.8312pt>
File: ./images/Device_Driver5.jpeg Graphic file (type jpg)
<use ./images/Device_Driver5.jpeg>
Package pdftex.def Info: ./images/Device_Driver5.jpeg  used on input line 397.
(pdftex.def)             Requested size: 299.87271pt x 218.93019pt.

[18 <./images/Device_Driver3.jpeg> <./images/Device_Driver4.jpeg>]
LaTeX Font Info:    Trying to load font information for OMS+cmtt on input line 
402.
LaTeX Font Info:    No file OMScmtt.fd. on input line 402.


LaTeX Font Warning: Font shape `OMS/cmtt/m/n' undefined
(Font)              using `OMS/cmsy/m/n' instead
(Font)              for symbol `textbackslash' on input line 402.

<./images/Device_Driver6.jpeg, id=325, 186.4566pt x 136.3494pt>
File: ./images/Device_Driver6.jpeg Graphic file (type jpg)
<use ./images/Device_Driver6.jpeg>
Package pdftex.def Info: ./images/Device_Driver6.jpeg  used on input line 406.
(pdftex.def)             Requested size: 298.33096pt x 218.1593pt.
<./images/Device_Driver7.jpeg, id=327, 186.6975pt x 137.0721pt>
File: ./images/Device_Driver7.jpeg Graphic file (type jpg)
<use ./images/Device_Driver7.jpeg>
Package pdftex.def Info: ./images/Device_Driver7.jpeg  used on input line 415.
(pdftex.def)             Requested size: 298.71638pt x 219.31563pt.
[19 <./images/Device_Driver5.jpeg> <./images/Device_Driver6.jpeg>]
<./images/Device_Driver8.jpeg, id=338, 186.9384pt x 137.313pt>
File: ./images/Device_Driver8.jpeg Graphic file (type jpg)
<use ./images/Device_Driver8.jpeg>
Package pdftex.def Info: ./images/Device_Driver8.jpeg  used on input line 424.
(pdftex.def)             Requested size: 299.10184pt x 219.70108pt.

Overfull \hbox (1.17014pt too wide) in paragraph at lines 429--430
[]\OT1/cmr/m/n/10 you can now see the con-troller is de-tected by \OT1/cmr/m/it
/10 De-vice Man-ager \OT1/cmr/m/n/10 as \OT1/cmtt/m/n/10 Microchip
 []

[20 <./images/Device_Driver7.jpeg> <./images/Device_Driver8.jpeg>] [21]
Chapter 5.

Overfull \hbox (28.85973pt too wide) in paragraph at lines 455--456
[]\OT1/cmr/m/n/10 From your PC/Laptop nav-i-gate to \OT1/cmtt/m/n/10 This PC ->
 Local Disk(C:) -> Microchip
 []

<./images/PDFSUSB1.jpeg, id=353, 162.3666pt x 78.7743pt>
File: ./images/PDFSUSB1.jpeg Graphic file (type jpg)
<use ./images/PDFSUSB1.jpeg>
Package pdftex.def Info: ./images/PDFSUSB1.jpeg  used on input line 459.
(pdftex.def)             Requested size: 259.7869pt x 126.03905pt.
[22

]
<./images/PDFSUSB3.jpeg, id=360, 136.5903pt x 118.5228pt>
File: ./images/PDFSUSB3.jpeg Graphic file (type jpg)
<use ./images/PDFSUSB3.jpeg>
Package pdftex.def Info: ./images/PDFSUSB3.jpeg  used on input line 468.
(pdftex.def)             Requested size: 218.54475pt x 189.6367pt.
<./images/PDFSUSB5.jpeg, id=362, 136.1085pt x 118.5228pt>
File: ./images/PDFSUSB5.jpeg Graphic file (type jpg)
<use ./images/PDFSUSB5.jpeg>
Package pdftex.def Info: ./images/PDFSUSB5.jpeg  used on input line 477.
(pdftex.def)             Requested size: 217.77386pt x 189.6367pt.
 [23 <./images/PDFSUSB1.jpeg> <./images/PDFSUSB3.jpeg>] [24 <./images/PDFSUSB5.
jpeg>]
Appendix A.
[25

] (./Procedural_Manual.aux)
 ***********
LaTeX2e <2023-11-01> patch level 1
L3 programming layer <2024-01-22>
 ***********


LaTeX Font Warning: Some font shapes were not available, defaults substituted.

Package rerunfilecheck Info: File `Procedural_Manual.out' has not changed.
(rerunfilecheck)             Checksum: 96FF4C7F16DE1651C732A283678900DF;2963.
 ) 
Here is how much of TeX's memory you used:
 19420 strings out of 476139
 368584 string characters out of 5794455
 1930975 words of memory out of 5000000
 41005 multiletter control sequences out of 15000+600000
 561396 words of font info for 47 fonts, out of 8000000 for 9000
 36 hyphenation exceptions out of 8191
 84i,7n,93p,461b,560s stack positions out of 10000i,1000n,20000p,200000b,200000s
</usr/share/texlive/texmf-dist/fonts/type1/public/amsfonts/cm/cmbx10.pfb></us
r/share/texlive/texmf-dist/fonts/type1/public/amsfonts/cm/cmbx12.pfb></usr/shar
e/texlive/texmf-dist/fonts/type1/public/amsfonts/cm/cmr10.pfb></usr/share/texli
ve/texmf-dist/fonts/type1/public/amsfonts/cm/cmr17.pfb></usr/share/texlive/texm
f-dist/fonts/type1/public/amsfonts/cm/cmsl10.pfb></usr/share/texlive/texmf-dist
/fonts/type1/public/amsfonts/cm/cmsy10.pfb></usr/share/texlive/texmf-dist/fonts
/type1/public/amsfonts/cm/cmti10.pfb></usr/share/texlive/texmf-dist/fonts/type1
/public/amsfonts/cm/cmtt10.pfb></usr/share/texmf/fonts/type1/public/cm-super/sf
rm1000.pfb>
Output written on Procedural_Manual.pdf (27 pages, 3166396 bytes).
PDF statistics:
 457 PDF objects out of 1000 (max. 8388607)
 374 compressed objects within 4 object streams
 137 named destinations out of 1000 (max. 500000)
 328 words of extra memory for PDF output out of 10000 (max. 10000000)

