\BOOKMARK [0][-]{chapter.1}{\376\377\000G\000e\000t\000t\000i\000n\000g\000\040\000S\000t\000a\000r\000t\000e\000d\000.\000.\000.}{}% 1
\BOOKMARK [1][-]{section.1.1}{\376\377\000P\000r\000e\000-\000r\000e\000q\000u\000i\000s\000i\000t\000e\000s}{chapter.1}% 2
\BOOKMARK [1][-]{section.1.2}{\376\377\000B\000r\000i\000e\000f\000\040\000P\000r\000o\000c\000e\000d\000u\000r\000e}{chapter.1}% 3
\BOOKMARK [0][-]{chapter.2}{\376\377\000I\000n\000s\000t\000a\000l\000l\000i\000n\000g\000\040\000P\000I\000C\000K\000I\000T\000-\0003\000\040\000A\000p\000p\000l\000i\000c\000a\000t\000i\000o\000n}{}% 4
\BOOKMARK [1][-]{section.2.1}{\376\377\000A\000b\000o\000u\000t\000\040\000t\000h\000i\000s\000\040\000c\000h\000a\000p\000t\000e\000r}{chapter.2}% 5
\BOOKMARK [1][-]{section.2.2}{\376\377\000R\000e\000q\000u\000i\000r\000e\000m\000e\000n\000t\000s}{chapter.2}% 6
\BOOKMARK [1][-]{section.2.3}{\376\377\000I\000n\000s\000t\000a\000l\000l\000a\000t\000i\000o\000n\000\040\000P\000r\000o\000c\000e\000d\000u\000r\000e}{chapter.2}% 7
\BOOKMARK [1][-]{section.2.4}{\376\377\000U\000p\000l\000o\000a\000d\000i\000n\000g\000\040\000B\000o\000o\000t\000l\000o\000a\000d\000e\000r}{chapter.2}% 8
\BOOKMARK [0][-]{chapter.3}{\376\377\000I\000n\000s\000t\000a\000l\000l\000i\000n\000g\000\040\000M\000C\000H\000P\000F\000S\000U\000S\000B\000\040\000v\0002\000.\0002\000\040\000U\000S\000B\000\040\000F\000r\000a\000m\000e\000w\000o\000r\000k}{}% 9
\BOOKMARK [1][-]{section.3.1}{\376\377\000A\000b\000o\000u\000t\000\040\000t\000h\000i\000s\000\040\000C\000h\000a\000p\000t\000e\000r}{chapter.3}% 10
\BOOKMARK [1][-]{section.3.2}{\376\377\000I\000n\000s\000t\000a\000l\000l\000a\000t\000i\000o\000n\000\040\000P\000r\000o\000c\000e\000d\000u\000r\000e}{chapter.3}% 11
\BOOKMARK [0][-]{chapter.4}{\376\377\000I\000n\000s\000t\000a\000l\000l\000i\000n\000g\000\040\000D\000r\000i\000v\000e\000r}{}% 12
\BOOKMARK [1][-]{section.4.1}{\376\377\000A\000b\000o\000u\000t\000\040\000t\000h\000i\000s\000\040\000C\000h\000a\000p\000t\000e\000r}{chapter.4}% 13
\BOOKMARK [1][-]{section.4.2}{\376\377\000R\000e\000q\000u\000i\000r\000e\000m\000e\000n\000t\000s}{chapter.4}% 14
\BOOKMARK [1][-]{section.4.3}{\376\377\000I\000n\000s\000t\000a\000l\000l\000a\000t\000i\000o\000n\000\040\000P\000r\000o\000c\000e\000d\000u\000r\000e}{chapter.4}% 15
\BOOKMARK [0][-]{chapter.5}{\376\377\000U\000p\000l\000o\000a\000d\000i\000n\000g\000\040\000F\000i\000r\000m\000w\000a\000r\000e\000\040\000H\000e\000x\000\040\000F\000i\000l\000e}{}% 16
\BOOKMARK [1][-]{section.5.1}{\376\377\000A\000b\000o\000u\000t\000\040\000t\000h\000i\000s\000\040\000c\000h\000a\000p\000t\000e\000r}{chapter.5}% 17
\BOOKMARK [1][-]{section.5.2}{\376\377\000R\000e\000q\000u\000i\000r\000e\000m\000e\000n\000t\000s}{chapter.5}% 18
\BOOKMARK [1][-]{section.5.3}{\376\377\000P\000r\000o\000c\000e\000d\000u\000r\000e}{chapter.5}% 19
\BOOKMARK [0][-]{appendix.A}{\376\377\000S\000c\000h\000e\000m\000a\000t\000i\000c}{}% 20
